<?xml version="1.0" encoding="UTF-8"?>
<testng-results ignored="0" total="1" passed="1" failed="0" skipped="0">
  <reporter-output>
  </reporter-output>
  <suite started-at="2022-12-31T16:24:29 IST" name="Default suite" finished-at="2022-12-31T16:25:00 IST" duration-ms="31445">
    <groups>
    </groups>
    <test started-at="2022-12-31T16:24:29 IST" name="Default test" finished-at="2022-12-31T16:25:00 IST" duration-ms="31445">
      <class name="com.flipkart.FlipkartTestingUsingAppium">
        <test-method signature="TestFlipkartMethod()[pri:0, instance:com.flipkart.FlipkartTestingUsingAppium@6fdbe764]" started-at="2022-12-31T16:24:29 IST" name="TestFlipkartMethod" finished-at="2022-12-31T16:25:00 IST" duration-ms="31206" status="PASS">
          <reporter-output>
          </reporter-output>
        </test-method> <!-- TestFlipkartMethod -->
      </class> <!-- com.flipkart.FlipkartTestingUsingAppium -->
    </test> <!-- Default test -->
  </suite> <!-- Default suite -->
</testng-results>
